<?xml version="1.0" encoding="UTF-8"?>
<!-- Generated by org.testng.reporters.JUnitReportReporter -->
<testsuite hostname="DESKTOP-QHI1HU9" name="com.fang.testNG.AppTest" tests="1" failures="0" timestamp="27 Aug 2019 08:24:14 GMT" time="0.001" errors="0">
  <testcase name="testApp" time="0.001" classname="com.fang.testNG.AppTest"/>
</testsuite> <!-- com.fang.testNG.AppTest -->
